<?xml version="1.0" encoding="UTF-8"?>
<testng-results ignored="1" total="2" passed="0" failed="1" skipped="0">
  <reporter-output>
  </reporter-output>
  <suite started-at="2023-08-13T16:07:02Z" name="N11 Test Suite" finished-at="2023-08-13T16:07:11Z" duration-ms="8647">
    <groups>
    </groups>
    <test started-at="2023-08-13T16:07:02Z" name="LoginTest" finished-at="2023-08-13T16:07:11Z" duration-ms="8647">
      <class name="com.nopecommerce.scripts.LoginFeature">
        <test-method is-config="true" signature="setUp()[pri:0, instance:com.nopecommerce.scripts.LoginFeature@50caa560]" started-at="2023-08-13T21:37:02Z" name="setUp" finished-at="2023-08-13T21:37:09Z" duration-ms="6182" status="PASS">
          <reporter-output>
          </reporter-output>
        </test-method> <!-- setUp -->
        <test-method signature="logintestcase_1001()[pri:0, instance:com.nopecommerce.scripts.LoginFeature@50caa560]" started-at="2023-08-13T21:37:09Z" name="logintestcase_1001" finished-at="2023-08-13T21:37:11Z" duration-ms="1997" status="FAIL">
          <exception class="java.lang.AssertionError">
            <message>
              <![CDATA[expected [Login was unsuccessful. Please correct the errors and try again. 
No customer account found] but found [Login was unsuccessful. Please correct the errors and try again.
No customer account found]]]>
            </message>
            <full-stacktrace>
              <![CDATA[java.lang.AssertionError: expected [Login was unsuccessful. Please correct the errors and try again. 
No customer account found] but found [Login was unsuccessful. Please correct the errors and try again.
No customer account found]
	at org.testng.Assert.fail(Assert.java:93)
	at org.testng.Assert.failNotEquals(Assert.java:512)
	at org.testng.Assert.assertEqualsImpl(Assert.java:134)
	at org.testng.Assert.assertEquals(Assert.java:115)
	at org.testng.Assert.assertEquals(Assert.java:189)
	at org.testng.Assert.assertEquals(Assert.java:199)
	at com.nopecommerce.scripts.LoginFeature.logintestcase_1001(LoginFeature.java:30)
	at java.base/jdk.internal.reflect.DirectMethodHandleAccessor.invoke(DirectMethodHandleAccessor.java:104)
	at java.base/java.lang.reflect.Method.invoke(Method.java:578)
	at org.testng.internal.MethodInvocationHelper.invokeMethod(MethodInvocationHelper.java:108)
	at org.testng.internal.Invoker.invokeMethod(Invoker.java:661)
	at org.testng.internal.Invoker.invokeTestMethod(Invoker.java:869)
	at org.testng.internal.Invoker.invokeTestMethods(Invoker.java:1193)
	at org.testng.internal.TestMethodWorker.invokeTestMethods(TestMethodWorker.java:126)
	at org.testng.internal.TestMethodWorker.run(TestMethodWorker.java:109)
	at org.testng.TestRunner.privateRun(TestRunner.java:744)
	at org.testng.TestRunner.run(TestRunner.java:602)
	at org.testng.SuiteRunner.runTest(SuiteRunner.java:380)
	at org.testng.SuiteRunner.runSequentially(SuiteRunner.java:375)
	at org.testng.SuiteRunner.privateRun(SuiteRunner.java:340)
	at org.testng.SuiteRunner.run(SuiteRunner.java:289)
	at org.testng.SuiteRunnerWorker.runSuite(SuiteRunnerWorker.java:52)
	at org.testng.SuiteRunnerWorker.run(SuiteRunnerWorker.java:86)
	at org.testng.TestNG.runSuitesSequentially(TestNG.java:1301)
	at org.testng.TestNG.runSuitesLocally(TestNG.java:1226)
	at org.testng.TestNG.runSuites(TestNG.java:1144)
	at org.testng.TestNG.run(TestNG.java:1115)
	at org.testng.remote.AbstractRemoteTestNG.run(AbstractRemoteTestNG.java:115)
	at org.testng.remote.RemoteTestNG.initAndRun(RemoteTestNG.java:251)
	at org.testng.remote.RemoteTestNG.main(RemoteTestNG.java:77)
]]>
            </full-stacktrace>
          </exception> <!-- java.lang.AssertionError -->
          <reporter-output>
          </reporter-output>
        </test-method> <!-- logintestcase_1001 -->
        <test-method is-config="true" signature="tearDown()[pri:0, instance:com.nopecommerce.scripts.LoginFeature@50caa560]" started-at="2023-08-13T21:37:11Z" name="tearDown" finished-at="2023-08-13T21:37:11Z" duration-ms="436" status="PASS">
          <reporter-output>
          </reporter-output>
        </test-method> <!-- tearDown -->
      </class> <!-- com.nopecommerce.scripts.LoginFeature -->
    </test> <!-- LoginTest -->
  </suite> <!-- N11 Test Suite -->
</testng-results>
